  [1m[36mSQL (2.9ms)[0m  [1m SELECT name
 FROM sqlite_master
 WHERE type = 'table' AND NOT name = 'sqlite_sequence'
[0m
  [1m[35mSQL (1.5ms)[0m  select sqlite_version(*)
  [1m[36mSQL (16.4ms)[0m  [1mCREATE TABLE "schema_migrations" ("version" varchar(255) NOT NULL) [0m
  [1m[35mSQL (0.3ms)[0m  PRAGMA index_list("schema_migrations")
  [1m[36mSQL (13.2ms)[0m  [1mCREATE UNIQUE INDEX "unique_schema_migrations" ON "schema_migrations" ("version")[0m
  [1m[35mSQL (0.9ms)[0m   SELECT name
 FROM sqlite_master
 WHERE type = 'table' AND NOT name = 'sqlite_sequence'
  [1m[36mSQL (0.9ms)[0m  [1m SELECT name
 FROM sqlite_master
 WHERE type = 'table' AND NOT name = 'sqlite_sequence'
[0m
  [1m[35mSQL (0.3ms)[0m  SELECT "schema_migrations"."version" FROM "schema_migrations"


Started GET "/" for 127.0.0.1 at 2010-09-12 11:39:54 -0700

ActionController::RoutingError (No route matches "/"):
  

Rendered /usr/local/rvm/gems/ruby-1.9.2-p0/gems/actionpack-3.0.0/lib/action_dispatch/middleware/templates/rescues/routing_error.erb within rescues/layout (4.4ms)


Started GET "/" for 127.0.0.1 at 2010-09-12 11:55:25 -0700
  Processing by HomeController#index as HTML
Rendered home/index.html.erb within layouts/application (12.5ms)
Completed 200 OK in 40ms (Views: 38.6ms | ActiveRecord: 0.0ms)


Started GET "/" for 127.0.0.1 at 2010-09-12 11:56:23 -0700
  Processing by HomeController#index as HTML
Rendered home/index.html.erb within layouts/application (7.4ms)
Completed 200 OK in 23ms (Views: 21.4ms | ActiveRecord: 0.0ms)


Started GET "/" for 127.0.0.1 at 2010-09-12 12:00:43 -0700
  Processing by HomeController#index as HTML
Rendered home/index.html.erb within layouts/application (6.8ms)
Completed 200 OK in 24ms (Views: 21.8ms | ActiveRecord: 0.0ms)


Started GET "/" for 127.0.0.1 at 2010-09-12 13:07:59 -0700
  Processing by HomeController#index as HTML
Rendered home/index.html.erb within layouts/application (6.8ms)
Completed 200 OK in 31ms (Views: 29.2ms | ActiveRecord: 0.0ms)


Started GET "/" for 127.0.0.1 at 2010-09-12 13:10:13 -0700
  Processing by HomeController#index as HTML
Rendered home/index.html.erb within layouts/application (9.4ms)
Completed 200 OK in 42ms (Views: 40.0ms | ActiveRecord: 0.0ms)


Started GET "/" for 127.0.0.1 at 2010-09-12 13:10:41 -0700
  Processing by HomeController#index as HTML
Rendered home/index.html.erb within layouts/application (6.6ms)
Completed 200 OK in 30ms (Views: 28.8ms | ActiveRecord: 0.0ms)


Started GET "/lists" for 127.0.0.1 at 2010-09-12 14:03:48 -0700

ActionController::RoutingError (No route matches "/lists"):
  

Rendered /usr/local/rvm/gems/ruby-1.9.2-p0/gems/actionpack-3.0.0/lib/action_dispatch/middleware/templates/rescues/routing_error.erb within rescues/layout (3.8ms)


Started GET "/lists" for 127.0.0.1 at 2010-09-12 14:04:55 -0700

ActionController::RoutingError (No route matches "/lists"):
  

Rendered /usr/local/rvm/gems/ruby-1.9.2-p0/gems/actionpack-3.0.0/lib/action_dispatch/middleware/templates/rescues/routing_error.erb within rescues/layout (3.8ms)


Started GET "/lists" for 127.0.0.1 at 2010-09-12 14:06:15 -0700

SyntaxError (/home/justin/workspace/rails-tutorial/config/routes.rb:5: syntax error, unexpected tASSOC, expecting tCOLON2 or '[' or '.'
  map.lists, :controller => 'lists', :action => 'index'
                           ^
/home/justin/workspace/rails-tutorial/config/routes.rb:5: syntax error, unexpected ',', expecting keyword_end
  map.lists, :controller => 'lists', :action => 'index'
                                    ^):
  

Rendered /usr/local/rvm/gems/ruby-1.9.2-p0/gems/actionpack-3.0.0/lib/action_dispatch/middleware/templates/rescues/_trace.erb (7.6ms)
Rendered /usr/local/rvm/gems/ruby-1.9.2-p0/gems/actionpack-3.0.0/lib/action_dispatch/middleware/templates/rescues/_request_and_response.erb (7.6ms)
Rendered /usr/local/rvm/gems/ruby-1.9.2-p0/gems/actionpack-3.0.0/lib/action_dispatch/middleware/templates/rescues/diagnostics.erb within rescues/layout (35.2ms)


Started GET "/lists" for 127.0.0.1 at 2010-09-12 14:06:50 -0700

NameError (undefined local variable or method `map' for #<ActionDispatch::Routing::Mapper:0x92b916c>):
  config/routes.rb:5:in `block in <top (required)>'
  config/routes.rb:1:in `<top (required)>'

Rendered /usr/local/rvm/gems/ruby-1.9.2-p0/gems/actionpack-3.0.0/lib/action_dispatch/middleware/templates/rescues/_trace.erb (6.3ms)
Rendered /usr/local/rvm/gems/ruby-1.9.2-p0/gems/actionpack-3.0.0/lib/action_dispatch/middleware/templates/rescues/_request_and_response.erb (5.0ms)
Rendered /usr/local/rvm/gems/ruby-1.9.2-p0/gems/actionpack-3.0.0/lib/action_dispatch/middleware/templates/rescues/diagnostics.erb within rescues/layout (25.2ms)


Started GET "/lists" for 127.0.0.1 at 2010-09-12 14:06:52 -0700

ActionController::RoutingError (No route matches "/lists"):
  

Rendered /usr/local/rvm/gems/ruby-1.9.2-p0/gems/actionpack-3.0.0/lib/action_dispatch/middleware/templates/rescues/routing_error.erb within rescues/layout (3.6ms)


Started GET "/lists" for 127.0.0.1 at 2010-09-12 14:06:54 -0700

ActionController::RoutingError (No route matches "/lists"):
  

Rendered /usr/local/rvm/gems/ruby-1.9.2-p0/gems/actionpack-3.0.0/lib/action_dispatch/middleware/templates/rescues/routing_error.erb within rescues/layout (3.6ms)


Started GET "/lists" for 127.0.0.1 at 2010-09-12 14:06:55 -0700

ActionController::RoutingError (No route matches "/lists"):
  

Rendered /usr/local/rvm/gems/ruby-1.9.2-p0/gems/actionpack-3.0.0/lib/action_dispatch/middleware/templates/rescues/routing_error.erb within rescues/layout (3.5ms)


Started GET "/lists" for 127.0.0.1 at 2010-09-12 14:07:43 -0700

ActionController::RoutingError (No route matches "/lists"):
  

Rendered /usr/local/rvm/gems/ruby-1.9.2-p0/gems/actionpack-3.0.0/lib/action_dispatch/middleware/templates/rescues/routing_error.erb within rescues/layout (3.6ms)


Started GET "/lists" for 127.0.0.1 at 2010-09-12 14:07:44 -0700

ActionController::RoutingError (No route matches "/lists"):
  

Rendered /usr/local/rvm/gems/ruby-1.9.2-p0/gems/actionpack-3.0.0/lib/action_dispatch/middleware/templates/rescues/routing_error.erb within rescues/layout (4.1ms)


Started GET "/lists" for 127.0.0.1 at 2010-09-12 14:07:46 -0700

ActionController::RoutingError (No route matches "/lists"):
  

Rendered /usr/local/rvm/gems/ruby-1.9.2-p0/gems/actionpack-3.0.0/lib/action_dispatch/middleware/templates/rescues/routing_error.erb within rescues/layout (3.6ms)


Started GET "/lists" for 127.0.0.1 at 2010-09-12 14:07:48 -0700

ActionController::RoutingError (No route matches "/lists"):
  

Rendered /usr/local/rvm/gems/ruby-1.9.2-p0/gems/actionpack-3.0.0/lib/action_dispatch/middleware/templates/rescues/routing_error.erb within rescues/layout (3.5ms)


Started GET "/lists" for 127.0.0.1 at 2010-09-12 14:08:35 -0700

NameError (undefined local variable or method `map' for #<ActionDispatch::Routing::Mapper:0x85a8450>):
  config/routes.rb:3:in `block in <top (required)>'
  config/routes.rb:1:in `<top (required)>'

Rendered /usr/local/rvm/gems/ruby-1.9.2-p0/gems/actionpack-3.0.0/lib/action_dispatch/middleware/templates/rescues/_trace.erb (5.8ms)
Rendered /usr/local/rvm/gems/ruby-1.9.2-p0/gems/actionpack-3.0.0/lib/action_dispatch/middleware/templates/rescues/_request_and_response.erb (5.0ms)
Rendered /usr/local/rvm/gems/ruby-1.9.2-p0/gems/actionpack-3.0.0/lib/action_dispatch/middleware/templates/rescues/diagnostics.erb within rescues/layout (24.7ms)


Started GET "/lists" for 127.0.0.1 at 2010-09-12 14:09:48 -0700

ActionController::RoutingError (No route matches "/lists"):
  

Rendered /usr/local/rvm/gems/ruby-1.9.2-p0/gems/actionpack-3.0.0/lib/action_dispatch/middleware/templates/rescues/routing_error.erb within rescues/layout (5.9ms)


Started GET "/lists" for 127.0.0.1 at 2010-09-12 14:10:26 -0700
DEPRECATION WARNING: ActionController::Routing::Routes is deprecated. Instead, use Rails.application.routes. (called from <top (required)> at /home/justin/workspace/rails-tutorial/config/routes.rb:1)
DEPRECATION WARNING: You are using the old router DSL which will be removed in Rails 3.1. Please check how to update your routes file at: http://www.engineyard.com/blog/2010/the-lowdown-on-routes-in-rails-3/. (called from <top (required)> at /home/justin/workspace/rails-tutorial/config/routes.rb:1)
  Processing by ListsController#index as HTML
Completed   in 17ms

NameError (uninitialized constant ListsController::List):
  app/controllers/lists_controller.rb:3:in `index'

Rendered /usr/local/rvm/gems/ruby-1.9.2-p0/gems/actionpack-3.0.0/lib/action_dispatch/middleware/templates/rescues/_trace.erb (4.6ms)
Rendered /usr/local/rvm/gems/ruby-1.9.2-p0/gems/actionpack-3.0.0/lib/action_dispatch/middleware/templates/rescues/_request_and_response.erb (15.4ms)
Rendered /usr/local/rvm/gems/ruby-1.9.2-p0/gems/actionpack-3.0.0/lib/action_dispatch/middleware/templates/rescues/diagnostics.erb within rescues/layout (32.8ms)
DEPRECATION WARNING: ActionController::Routing::Routes is deprecated. Instead, use Rails.application.routes. (called from <top (required)> at /home/justin/workspace/rails-tutorial/config/routes.rb:1)
DEPRECATION WARNING: You are using the old router DSL which will be removed in Rails 3.1. Please check how to update your routes file at: http://www.engineyard.com/blog/2010/the-lowdown-on-routes-in-rails-3/. (called from <top (required)> at /home/justin/workspace/rails-tutorial/config/routes.rb:1)
  [1m[36mSQL (1.3ms)[0m  [1m SELECT name
 FROM sqlite_master
 WHERE type = 'table' AND NOT name = 'sqlite_sequence'
[0m
  [1m[35mSQL (0.7ms)[0m   SELECT name
 FROM sqlite_master
 WHERE type = 'table' AND NOT name = 'sqlite_sequence'
  [1m[36mSQL (0.4ms)[0m  [1mSELECT "schema_migrations"."version" FROM "schema_migrations"[0m
Migrating to CreateUsers (20100912195849)
  [1m[35mSQL (0.3ms)[0m  select sqlite_version(*)
  [1m[36mSQL (1.4ms)[0m  [1mCREATE TABLE "users" ("id" INTEGER PRIMARY KEY AUTOINCREMENT NOT NULL, "username" varchar(255), "email" varchar(255), "password" varchar(255), "created_at" datetime, "updated_at" datetime) [0m
  [1m[35mSQL (0.4ms)[0m  INSERT INTO "schema_migrations" ("version") VALUES ('20100912195849')
Migrating to CreateLists (20100912205312)
  [1m[36mSQL (1.6ms)[0m  [1mCREATE TABLE "lists" ("id" INTEGER PRIMARY KEY AUTOINCREMENT NOT NULL, "name" varchar(255), "created_at" datetime, "updated_at" datetime) [0m
  [1m[35mSQL (0.4ms)[0m  INSERT INTO "schema_migrations" ("version") VALUES ('20100912205312')
Migrating to CreateItems (20100912205350)
  [1m[36mSQL (0.9ms)[0m  [1mCREATE TABLE "items" ("id" INTEGER PRIMARY KEY AUTOINCREMENT NOT NULL, "name" varchar(255), "list_id" integer, "created_at" datetime, "updated_at" datetime) [0m
  [1m[35mSQL (0.4ms)[0m  INSERT INTO "schema_migrations" ("version") VALUES ('20100912205350')
  [1m[36mSQL (0.7ms)[0m  [1m SELECT name
 FROM sqlite_master
 WHERE type = 'table' AND NOT name = 'sqlite_sequence'
[0m
  [1m[35mSQL (0.5ms)[0m  SELECT "schema_migrations"."version" FROM "schema_migrations"
  [1m[36mSQL (0.8ms)[0m  [1m SELECT name
 FROM sqlite_master
 WHERE type = 'table' AND NOT name = 'sqlite_sequence'
[0m
  [1m[35mSQL (0.2ms)[0m  PRAGMA index_list("items")
  [1m[36mSQL (0.2ms)[0m  [1mPRAGMA index_list("lists")[0m
  [1m[35mSQL (0.2ms)[0m  PRAGMA index_list("users")


Started GET "/lists" for 127.0.0.1 at 2010-09-12 14:11:37 -0700
  Processing by ListsController#index as HTML
Completed   in 17ms

NameError (uninitialized constant ListsController::List):
  app/controllers/lists_controller.rb:3:in `index'

Rendered /usr/local/rvm/gems/ruby-1.9.2-p0/gems/actionpack-3.0.0/lib/action_dispatch/middleware/templates/rescues/_trace.erb (6.2ms)
Rendered /usr/local/rvm/gems/ruby-1.9.2-p0/gems/actionpack-3.0.0/lib/action_dispatch/middleware/templates/rescues/_request_and_response.erb (69.3ms)
Rendered /usr/local/rvm/gems/ruby-1.9.2-p0/gems/actionpack-3.0.0/lib/action_dispatch/middleware/templates/rescues/diagnostics.erb within rescues/layout (89.6ms)


Started GET "/lists" for 127.0.0.1 at 2010-09-12 14:11:38 -0700
  Processing by ListsController#index as HTML
Completed   in 18ms

NameError (uninitialized constant ListsController::List):
  app/controllers/lists_controller.rb:3:in `index'

Rendered /usr/local/rvm/gems/ruby-1.9.2-p0/gems/actionpack-3.0.0/lib/action_dispatch/middleware/templates/rescues/_trace.erb (5.9ms)
Rendered /usr/local/rvm/gems/ruby-1.9.2-p0/gems/actionpack-3.0.0/lib/action_dispatch/middleware/templates/rescues/_request_and_response.erb (14.7ms)
Rendered /usr/local/rvm/gems/ruby-1.9.2-p0/gems/actionpack-3.0.0/lib/action_dispatch/middleware/templates/rescues/diagnostics.erb within rescues/layout (34.6ms)


Started GET "/lists" for 127.0.0.1 at 2010-09-12 14:11:41 -0700
  Processing by ListsController#index as HTML
Completed   in 17ms

NameError (uninitialized constant ListsController::List):
  app/controllers/lists_controller.rb:3:in `index'

Rendered /usr/local/rvm/gems/ruby-1.9.2-p0/gems/actionpack-3.0.0/lib/action_dispatch/middleware/templates/rescues/_trace.erb (5.2ms)
Rendered /usr/local/rvm/gems/ruby-1.9.2-p0/gems/actionpack-3.0.0/lib/action_dispatch/middleware/templates/rescues/_request_and_response.erb (14.3ms)
Rendered /usr/local/rvm/gems/ruby-1.9.2-p0/gems/actionpack-3.0.0/lib/action_dispatch/middleware/templates/rescues/diagnostics.erb within rescues/layout (32.7ms)


Started GET "/lists" for 127.0.0.1 at 2010-09-12 14:11:41 -0700
  Processing by ListsController#index as HTML
Completed   in 17ms

NameError (uninitialized constant ListsController::List):
  app/controllers/lists_controller.rb:3:in `index'

Rendered /usr/local/rvm/gems/ruby-1.9.2-p0/gems/actionpack-3.0.0/lib/action_dispatch/middleware/templates/rescues/_trace.erb (58.7ms)
Rendered /usr/local/rvm/gems/ruby-1.9.2-p0/gems/actionpack-3.0.0/lib/action_dispatch/middleware/templates/rescues/_request_and_response.erb (13.9ms)
Rendered /usr/local/rvm/gems/ruby-1.9.2-p0/gems/actionpack-3.0.0/lib/action_dispatch/middleware/templates/rescues/diagnostics.erb within rescues/layout (86.4ms)
DEPRECATION WARNING: ActionController::Routing::Routes is deprecated. Instead, use Rails.application.routes. (called from <top (required)> at /home/justin/workspace/rails-tutorial/config/routes.rb:1)
DEPRECATION WARNING: You are using the old router DSL which will be removed in Rails 3.1. Please check how to update your routes file at: http://www.engineyard.com/blog/2010/the-lowdown-on-routes-in-rails-3/. (called from <top (required)> at /home/justin/workspace/rails-tutorial/config/routes.rb:1)
  [1m[36mSQL (1.7ms)[0m  [1m SELECT name
 FROM sqlite_master
 WHERE type = 'table' AND NOT name = 'sqlite_sequence'
[0m


Started GET "/lists" for 127.0.0.1 at 2010-09-12 14:14:30 -0700
  Processing by ListsController#index as HTML
Completed   in 18ms

NameError (uninitialized constant ListsController::List):
  app/controllers/lists_controller.rb:3:in `index'

Rendered /usr/local/rvm/gems/ruby-1.9.2-p0/gems/actionpack-3.0.0/lib/action_dispatch/middleware/templates/rescues/_trace.erb (5.8ms)
Rendered /usr/local/rvm/gems/ruby-1.9.2-p0/gems/actionpack-3.0.0/lib/action_dispatch/middleware/templates/rescues/_request_and_response.erb (13.9ms)
Rendered /usr/local/rvm/gems/ruby-1.9.2-p0/gems/actionpack-3.0.0/lib/action_dispatch/middleware/templates/rescues/diagnostics.erb within rescues/layout (36.1ms)


Started GET "/lists" for 127.0.0.1 at 2010-09-12 14:14:33 -0700
  Processing by ListsController#index as HTML
Completed   in 17ms

NameError (uninitialized constant ListsController::List):
  app/controllers/lists_controller.rb:3:in `index'

Rendered /usr/local/rvm/gems/ruby-1.9.2-p0/gems/actionpack-3.0.0/lib/action_dispatch/middleware/templates/rescues/_trace.erb (4.6ms)
Rendered /usr/local/rvm/gems/ruby-1.9.2-p0/gems/actionpack-3.0.0/lib/action_dispatch/middleware/templates/rescues/_request_and_response.erb (13.6ms)
Rendered /usr/local/rvm/gems/ruby-1.9.2-p0/gems/actionpack-3.0.0/lib/action_dispatch/middleware/templates/rescues/diagnostics.erb within rescues/layout (31.0ms)


Started GET "/lists" for 127.0.0.1 at 2010-09-12 14:14:37 -0700
  Processing by ListsController#index as HTML
Completed   in 17ms

NameError (uninitialized constant ListsController::List):
  app/controllers/lists_controller.rb:3:in `index'

Rendered /usr/local/rvm/gems/ruby-1.9.2-p0/gems/actionpack-3.0.0/lib/action_dispatch/middleware/templates/rescues/_trace.erb (4.8ms)
Rendered /usr/local/rvm/gems/ruby-1.9.2-p0/gems/actionpack-3.0.0/lib/action_dispatch/middleware/templates/rescues/_request_and_response.erb (13.8ms)
Rendered /usr/local/rvm/gems/ruby-1.9.2-p0/gems/actionpack-3.0.0/lib/action_dispatch/middleware/templates/rescues/diagnostics.erb within rescues/layout (32.2ms)
DEPRECATION WARNING: ActionController::Routing::Routes is deprecated. Instead, use Rails.application.routes. (called from <top (required)> at /home/justin/workspace/rails-tutorial/config/routes.rb:1)
DEPRECATION WARNING: You are using the old router DSL which will be removed in Rails 3.1. Please check how to update your routes file at: http://www.engineyard.com/blog/2010/the-lowdown-on-routes-in-rails-3/. (called from <top (required)> at /home/justin/workspace/rails-tutorial/config/routes.rb:1)
  [1m[36mSQL (0.9ms)[0m  [1m SELECT name
 FROM sqlite_master
 WHERE type = 'table' AND NOT name = 'sqlite_sequence'
[0m
  [1m[35mSQL (0.4ms)[0m  select sqlite_version(*)
  [1m[36mSQL (1393.0ms)[0m  [1mCREATE TABLE "schema_migrations" ("version" varchar(255) NOT NULL) [0m
  [1m[35mSQL (0.4ms)[0m  PRAGMA index_list("schema_migrations")
  [1m[36mSQL (13.8ms)[0m  [1mCREATE UNIQUE INDEX "unique_schema_migrations" ON "schema_migrations" ("version")[0m
  [1m[35mSQL (0.7ms)[0m   SELECT name
 FROM sqlite_master
 WHERE type = 'table' AND NOT name = 'sqlite_sequence'
  [1m[36mSQL (0.5ms)[0m  [1m SELECT name
 FROM sqlite_master
 WHERE type = 'table' AND NOT name = 'sqlite_sequence'
[0m
  [1m[35mSQL (0.3ms)[0m  SELECT "schema_migrations"."version" FROM "schema_migrations"
Migrating to CreateUsers (20100912195849)
  [1m[36mSQL (1.2ms)[0m  [1mCREATE TABLE "users" ("id" INTEGER PRIMARY KEY AUTOINCREMENT NOT NULL, "username" varchar(255), "email" varchar(255), "password" varchar(255), "created_at" datetime, "updated_at" datetime) [0m
  [1m[35mSQL (0.4ms)[0m  INSERT INTO "schema_migrations" ("version") VALUES ('20100912195849')
Migrating to CreateLists (20100912205312)
  [1m[36mSQL (1.7ms)[0m  [1mCREATE TABLE "lists" ("id" INTEGER PRIMARY KEY AUTOINCREMENT NOT NULL, "name" varchar(255), "created_at" datetime, "updated_at" datetime) [0m
  [1m[35mSQL (0.5ms)[0m  INSERT INTO "schema_migrations" ("version") VALUES ('20100912205312')
Migrating to CreateItems (20100912205350)
  [1m[36mSQL (1.0ms)[0m  [1mCREATE TABLE "items" ("id" INTEGER PRIMARY KEY AUTOINCREMENT NOT NULL, "name" varchar(255), "list_id" integer, "created_at" datetime, "updated_at" datetime) [0m
  [1m[35mSQL (0.4ms)[0m  INSERT INTO "schema_migrations" ("version") VALUES ('20100912205350')
  [1m[36mSQL (0.7ms)[0m  [1m SELECT name
 FROM sqlite_master
 WHERE type = 'table' AND NOT name = 'sqlite_sequence'
[0m
  [1m[35mSQL (0.5ms)[0m  SELECT "schema_migrations"."version" FROM "schema_migrations"
  [1m[36mSQL (0.5ms)[0m  [1m SELECT name
 FROM sqlite_master
 WHERE type = 'table' AND NOT name = 'sqlite_sequence'
[0m
  [1m[35mSQL (0.2ms)[0m  PRAGMA index_list("items")
  [1m[36mSQL (0.1ms)[0m  [1mPRAGMA index_list("lists")[0m
  [1m[35mSQL (0.2ms)[0m  PRAGMA index_list("users")
DEPRECATION WARNING: ActionController::Routing::Routes is deprecated. Instead, use Rails.application.routes. (called from <top (required)> at /home/justin/workspace/rails-tutorial/config/routes.rb:1)
DEPRECATION WARNING: You are using the old router DSL which will be removed in Rails 3.1. Please check how to update your routes file at: http://www.engineyard.com/blog/2010/the-lowdown-on-routes-in-rails-3/. (called from <top (required)> at /home/justin/workspace/rails-tutorial/config/routes.rb:1)
  [1m[35mSQL (0.8ms)[0m   SELECT name
 FROM sqlite_master
 WHERE type = 'table' AND NOT name = 'sqlite_sequence'
  [1m[36mSQL (0.8ms)[0m  [1m SELECT name
 FROM sqlite_master
 WHERE type = 'table' AND NOT name = 'sqlite_sequence'
[0m
  [1m[35mList Load (0.4ms)[0m  SELECT "lists".* FROM "lists"


Started GET "/lists" for 127.0.0.1 at 2010-09-12 14:17:37 -0700
  Processing by ListsController#index as HTML
  [1m[36mSQL (1.8ms)[0m  [1m SELECT name
 FROM sqlite_master
 WHERE type = 'table' AND NOT name = 'sqlite_sequence'
[0m
  [1m[35mList Load (0.4ms)[0m  SELECT "lists".* FROM "lists"
Rendered lists/index.html.erb within layouts/application (8.2ms)
Completed 200 OK in 394ms (Views: 21.9ms | ActiveRecord: 2.1ms)


Started GET "/lists" for 127.0.0.1 at 2010-09-12 14:25:37 -0700
  Processing by ListsController#index as HTML
  [1m[36mList Load (0.5ms)[0m  [1mSELECT "lists".* FROM "lists"[0m
Rendered lists/index.html.erb within layouts/application (88.0ms)
Completed   in 145ms

ActionView::Template::Error (undefined local variable or method `new_item_path' for #<#<Class:0xa64d930>:0xa64c080>):
    1: <h1>Index</h1>
    2: 
    3: <%= link_to 'New item', new_item_path %>
  app/views/lists/index.html.erb:3:in `_app_views_lists_index_html_erb___531793881_87154470_320613901'

Rendered /usr/local/rvm/gems/ruby-1.9.2-p0/gems/actionpack-3.0.0/lib/action_dispatch/middleware/templates/rescues/_trace.erb (5.3ms)
Rendered /usr/local/rvm/gems/ruby-1.9.2-p0/gems/actionpack-3.0.0/lib/action_dispatch/middleware/templates/rescues/_request_and_response.erb (16.2ms)
Rendered /usr/local/rvm/gems/ruby-1.9.2-p0/gems/actionpack-3.0.0/lib/action_dispatch/middleware/templates/rescues/template_error.erb within rescues/layout (35.5ms)


Started GET "/lists" for 127.0.0.1 at 2010-09-12 14:28:06 -0700
DEPRECATION WARNING: ActionController::Routing::Routes is deprecated. Instead, use Rails.application.routes. (called from <top (required)> at /home/justin/workspace/rails-tutorial/config/routes.rb:1)
DEPRECATION WARNING: You are using the old router DSL which will be removed in Rails 3.1. Please check how to update your routes file at: http://www.engineyard.com/blog/2010/the-lowdown-on-routes-in-rails-3/. (called from <top (required)> at /home/justin/workspace/rails-tutorial/config/routes.rb:1)
  Processing by ListsController#index as HTML
  [1m[35mList Load (1.1ms)[0m  SELECT "lists".* FROM "lists"
Rendered lists/index.html.erb within layouts/application (25.1ms)
Completed   in 80ms

ActionView::Template::Error (undefined local variable or method `new_item_path' for #<#<Class:0xa659654>:0xa64f744>):
    1: <h1>Index</h1>
    2: 
    3: <%= link_to 'New item', new_item_path %>
  app/views/lists/index.html.erb:3:in `_app_views_lists_index_html_erb___531793881_87192470_320613901'

Rendered /usr/local/rvm/gems/ruby-1.9.2-p0/gems/actionpack-3.0.0/lib/action_dispatch/middleware/templates/rescues/_trace.erb (5.0ms)
Rendered /usr/local/rvm/gems/ruby-1.9.2-p0/gems/actionpack-3.0.0/lib/action_dispatch/middleware/templates/rescues/_request_and_response.erb (14.1ms)
Rendered /usr/local/rvm/gems/ruby-1.9.2-p0/gems/actionpack-3.0.0/lib/action_dispatch/middleware/templates/rescues/template_error.erb within rescues/layout (33.8ms)


Started GET "/lists" for 127.0.0.1 at 2010-09-12 14:28:09 -0700
  Processing by ListsController#index as HTML
  [1m[36mList Load (1.0ms)[0m  [1mSELECT "lists".* FROM "lists"[0m
Rendered lists/index.html.erb within layouts/application (25.6ms)
Completed   in 80ms

ActionView::Template::Error (undefined local variable or method `new_item_path' for #<#<Class:0x99be4bc>:0x999a328>):
    1: <h1>Index</h1>
    2: 
    3: <%= link_to 'New item', new_item_path %>
  app/views/lists/index.html.erb:3:in `_app_views_lists_index_html_erb___531793881_80519570_320613901'

Rendered /usr/local/rvm/gems/ruby-1.9.2-p0/gems/actionpack-3.0.0/lib/action_dispatch/middleware/templates/rescues/_trace.erb (5.0ms)
Rendered /usr/local/rvm/gems/ruby-1.9.2-p0/gems/actionpack-3.0.0/lib/action_dispatch/middleware/templates/rescues/_request_and_response.erb (15.5ms)
Rendered /usr/local/rvm/gems/ruby-1.9.2-p0/gems/actionpack-3.0.0/lib/action_dispatch/middleware/templates/rescues/template_error.erb within rescues/layout (34.6ms)


Started GET "/lists" for 127.0.0.1 at 2010-09-12 14:28:13 -0700
  Processing by ListsController#index as HTML
  [1m[35mList Load (1.0ms)[0m  SELECT "lists".* FROM "lists"
Rendered lists/index.html.erb within layouts/application (8.2ms)
Completed 200 OK in 65ms (Views: 21.5ms | ActiveRecord: 1.0ms)


Started GET "/lists/new" for 127.0.0.1 at 2010-09-12 14:28:16 -0700
  Processing by ListsController#new as HTML
Completed   in 54ms

ActionView::MissingTemplate (Missing template lists/new with {:handlers=>[:erb, :rjs, :builder, :rhtml, :rxml], :formats=>[:html], :locale=>[:en, :en]} in view paths "/home/justin/workspace/rails-tutorial/app/views"):
  

Rendered /usr/local/rvm/gems/ruby-1.9.2-p0/gems/actionpack-3.0.0/lib/action_dispatch/middleware/templates/rescues/missing_template.erb within rescues/layout (59.4ms)


Started GET "/lists/new" for 127.0.0.1 at 2010-09-12 14:32:19 -0700
  Processing by ListsController#new as HTML
Rendered lists/new.html.erb within layouts/application (6.6ms)
Completed 200 OK in 63ms (Views: 19.6ms | ActiveRecord: 0.0ms)


Started GET "/lists/new" for 127.0.0.1 at 2010-09-12 14:32:22 -0700
  Processing by ListsController#new as HTML
Rendered lists/new.html.erb within layouts/application (8.3ms)
Completed 200 OK in 66ms (Views: 21.2ms | ActiveRecord: 0.0ms)


Started GET "/lists/new" for 127.0.0.1 at 2010-09-12 14:33:33 -0700
  Processing by ListsController#new as HTML
Rendered lists/new.html.erb within layouts/application (6.8ms)
Completed 200 OK in 64ms (Views: 21.1ms | ActiveRecord: 0.0ms)
DEPRECATION WARNING: ActionController::Routing::Routes is deprecated. Instead, use Rails.application.routes. (called from <top (required)> at /home/justin/workspace/getitdone/config/routes.rb:1)
DEPRECATION WARNING: You are using the old router DSL which will be removed in Rails 3.1. Please check how to update your routes file at: http://www.engineyard.com/blog/2010/the-lowdown-on-routes-in-rails-3/. (called from <top (required)> at /home/justin/workspace/getitdone/config/routes.rb:1)
DEPRECATION WARNING: ActionController::Routing::Routes is deprecated. Instead, use Rails.application.routes. (called from <top (required)> at /home/justin/workspace/getitdone/config/routes.rb:1)
DEPRECATION WARNING: You are using the old router DSL which will be removed in Rails 3.1. Please check how to update your routes file at: http://www.engineyard.com/blog/2010/the-lowdown-on-routes-in-rails-3/. (called from <top (required)> at /home/justin/workspace/getitdone/config/routes.rb:1)
DEPRECATION WARNING: ActionController::Routing::Routes is deprecated. Instead, use Rails.application.routes. (called from <top (required)> at /home/justin/workspace/getitdone/config/routes.rb:1)
DEPRECATION WARNING: You are using the old router DSL which will be removed in Rails 3.1. Please check how to update your routes file at: http://www.engineyard.com/blog/2010/the-lowdown-on-routes-in-rails-3/. (called from <top (required)> at /home/justin/workspace/getitdone/config/routes.rb:1)
  [1m[36mSQL (1.7ms)[0m  [1m SELECT name
 FROM sqlite_master
 WHERE type = 'table' AND NOT name = 'sqlite_sequence'
[0m
  [1m[35mSQL (0.6ms)[0m   SELECT name
 FROM sqlite_master
 WHERE type = 'table' AND NOT name = 'sqlite_sequence'
  [1m[36mSQL (0.6ms)[0m  [1mSELECT "schema_migrations"."version" FROM "schema_migrations"[0m
  [1m[35mSQL (0.6ms)[0m   SELECT name
 FROM sqlite_master
 WHERE type = 'table' AND NOT name = 'sqlite_sequence'
  [1m[36mSQL (0.5ms)[0m  [1mSELECT "schema_migrations"."version" FROM "schema_migrations"[0m
  [1m[35mSQL (0.6ms)[0m   SELECT name
 FROM sqlite_master
 WHERE type = 'table' AND NOT name = 'sqlite_sequence'
  [1m[36mSQL (0.5ms)[0m  [1mSELECT "schema_migrations"."version" FROM "schema_migrations"[0m
